<?xml version="1.0" encoding="UTF-8"?>
<component-configuration
        xmlns="http://tis.co.jp/nablarch/component-configuration"
        xmlns:xsi="http://www.w3.org/2001/XMLSchema-instance"
        xsi:schemaLocation="http://tis.co.jp/nablarch/component-configuration ./component-configuration.xsd">

  <component name="testTransactionFactory"
      class="nablarch.core.db.transaction.JdbcTransactionFactory">
    <property name="initSqlList">
      <list>
        <value>SET REFERENTIAL_INTEGRITY  false</value>
      </list>
    </property>
  </component>

  <!-- DbManagerの設定 -->
  <component name="testFwTran"
             class="nablarch.core.db.transaction.SimpleDbTransactionManager">
    <property name="dbTransactionName" value="test-fw"/>
    <property name="connectionFactory" ref="connectionFactory"/>
    <property name="transactionFactory" ref="testTransactionFactory"/>
  </component>

  <component name="testTran"
             class="nablarch.core.db.transaction.SimpleDbTransactionManager">
    <property name="dbTransactionName" value="test"/>
    <property name="connectionFactory" ref="connectionFactory"/>
    <property name="transactionFactory" ref="testTransactionFactory"/>
  </component>

  <!-- TestDataParser -->
  <component name="testDataParser" class="nablarch.test.core.reader.BasicTestDataParser">
    <property name="testDataReader">
      <component name="xlsReaderForPoi" class="nablarch.test.core.reader.PoiXlsReader"/>
    </property>
    <property name="dbInfo" ref="dbInfo"/>
    <property name="interpreters" ref="interpreters"/>
  </component>

  <!-- DbInfo -->
  <component name="dbInfo" class="nablarch.test.core.db.GenericJdbcDbInfo">
    <property name="dataSource" ref="dataSource"/>
    <property name="schema" value="${nablarch.db.schema}"/>
  </component>

  <!-- テストデータ記法の解釈を行うクラス群 -->
  <list name="interpreters">
    <!-- null変換 -->
    <component class="nablarch.test.core.util.interpreter.NullInterpreter"/>
    <!-- 引用符を外す -->
    <component class="nablarch.test.core.util.interpreter.QuotationTrimmer"/>
    <!-- システム時刻記法 -->
    <component class="nablarch.test.core.util.interpreter.DateTimeInterpreter">
      <property name="systemTimeProvider" ref="systemTimeProvider"/>
      <property name="setUpDateTime" value="1970-01-01 09:00:00.0" />
    </component>
    <!-- 文字列増幅 -->
    <component class="nablarch.test.core.util.interpreter.CompositeInterpreter">
      <property name="interpreters">
        <list>
          <component class="nablarch.test.core.util.interpreter.BasicJapaneseCharacterInterpreter"/>
        </list>
      </property>
    </component>
  </list>

</component-configuration>
